[debug] [2023-03-25T11:09:48.792Z] ----------------------------------------------------------------------
[debug] [2023-03-25T11:09:48.798Z] Command:       C:\Program Files\nodejs\node.exe C:\Users\Ulaganathan\AppData\Roaming\npm\node_modules\firebase-tools\lib\bin\firebase.js init
[debug] [2023-03-25T11:09:48.800Z] CLI Version:   11.25.1
[debug] [2023-03-25T11:09:48.800Z] Platform:      win32
[debug] [2023-03-25T11:09:48.801Z] Node Version:  v16.17.0
[debug] [2023-03-25T11:09:48.804Z] Time:          Sat Mar 25 2023 16:39:48 GMT+0530 (India Standard Time)
[debug] [2023-03-25T11:09:48.805Z] ----------------------------------------------------------------------
[debug] 
[debug] [2023-03-25T11:09:49.117Z] > command requires scopes: ["email","openid","https://www.googleapis.com/auth/cloudplatformprojects.readonly","https://www.googleapis.com/auth/firebase","https://www.googleapis.com/auth/cloud-platform"]
[debug] [2023-03-25T11:09:49.119Z] > authorizing via signed-in user (ulaganathanselvam2000@gmail.com)
[info] 
     ######## #### ########  ######## ########     ###     ######  ########
     ##        ##  ##     ## ##       ##     ##  ##   ##  ##       ##
     ######    ##  ########  ######   ########  #########  ######  ######
     ##        ##  ##    ##  ##       ##     ## ##     ##       ## ##
     ##       #### ##     ## ######## ########  ##     ##  ######  ########

You're about to initialize a Firebase project in this directory:

  C:\Users\Ulaganathan\Desktop\reactUpload\react-upload

Before we get started, keep in mind:

  * You are initializing within an existing Firebase project directory

